<?xml version="1.0" encoding="UTF-8"?>
<!-- Generated by org.testng.reporters.JUnitReportReporter -->
<testsuite hostname="LAPTOP-DCSLAHO4" failures="0" tests="1" name="testClasses.myntra" time="6.062" errors="0" timestamp="2023-08-31T19:23:33 IST" skipped="0">
  <testcase classname="testClasses.myntra" name="Testcase1" time="6.062"/>
  <system-out>
    <![CDATA[Shopping on Myntra]]>
  </system-out>
</testsuite> <!-- testClasses.myntra -->
