<?xml version="1.0" encoding="UTF-8"?>
<!-- Generated by org.testng.reporters.JUnitReportReporter -->
<testsuite hostname="LAPTOP-DCSLAHO4" failures="0" tests="1" name="testClasses.flipcart" time="2.498" errors="0" timestamp="2023-08-31T19:23:33 IST" skipped="0">
  <testcase classname="testClasses.flipcart" name="Testcase1" time="2.498"/>
  <system-out>
    <![CDATA[Shopping on Amazon]]>
  </system-out>
</testsuite> <!-- testClasses.flipcart -->
