<?xml version="1.0" encoding="UTF-8"?>
<!-- Generated by org.testng.reporters.JUnitReportReporter -->
<testsuite hostname="LAPTOP-DCSLAHO4" failures="0" tests="1" name="testClasses.Ajio" time="4.107" errors="0" timestamp="2023-08-31T19:23:33 IST" skipped="0">
  <testcase classname="testClasses.Ajio" name="Testcase1" time="4.107"/>
  <system-out>
    <![CDATA[Shopping on ajio]]>
  </system-out>
</testsuite> <!-- testClasses.Ajio -->
